2021-06-30 13:42:47.926  INFO 966 --- [restartedMain] com.clament.czx.CzxApplication           : Starting CzxApplication using Java 1.8.0_201 on s-MacBook-ea.local with PID 966 (/Users/chenzixuan/IdeaProjects/czx/target/classes started by chenzixuan in /Users/chenzixuan/IdeaProjects/czx)
2021-06-30 13:42:47.934  INFO 966 --- [restartedMain] com.clament.czx.CzxApplication           : The following profiles are active: development
2021-06-30 13:42:48.024  INFO 966 --- [restartedMain] .e.DevToolsPropertyDefaultsPostProcessor : Devtools property defaults active! Set 'spring.devtools.add-properties' to 'false' to disable
2021-06-30 13:42:48.024  INFO 966 --- [restartedMain] .e.DevToolsPropertyDefaultsPostProcessor : For additional web related logging consider setting the 'logging.level.web' property to 'DEBUG'
2021-06-30 13:42:49.380  INFO 966 --- [restartedMain] .s.d.r.c.RepositoryConfigurationDelegate : Bootstrapping Spring Data JPA repositories in DEFAULT mode.
2021-06-30 13:42:49.479  INFO 966 --- [restartedMain] .s.d.r.c.RepositoryConfigurationDelegate : Finished Spring Data repository scanning in 86 ms. Found 4 JPA repository interfaces.
2021-06-30 13:42:50.763  INFO 966 --- [restartedMain] o.s.b.w.embedded.tomcat.TomcatWebServer  : Tomcat initialized with port(s): 8080 (http)
2021-06-30 13:42:50.776  INFO 966 --- [restartedMain] o.apache.catalina.core.StandardService   : Starting service [Tomcat]
2021-06-30 13:42:50.776  INFO 966 --- [restartedMain] org.apache.catalina.core.StandardEngine  : Starting Servlet engine: [Apache Tomcat/9.0.44]
2021-06-30 13:42:50.864  INFO 966 --- [restartedMain] o.a.c.c.C.[Tomcat].[localhost].[/]       : Initializing Spring embedded WebApplicationContext
2021-06-30 13:42:50.865  INFO 966 --- [restartedMain] w.s.c.ServletWebServerApplicationContext : Root WebApplicationContext: initialization completed in 2839 ms
2021-06-30 13:42:51.241  INFO 966 --- [restartedMain] o.hibernate.jpa.internal.util.LogHelper  : HHH000204: Processing PersistenceUnitInfo [name: default]
2021-06-30 13:42:51.303  INFO 966 --- [restartedMain] org.hibernate.Version                    : HHH000412: Hibernate ORM core version 5.4.29.Final
2021-06-30 13:42:51.465  INFO 966 --- [restartedMain] o.hibernate.annotations.common.Version   : HCANN000001: Hibernate Commons Annotations {5.1.2.Final}
2021-06-30 13:42:51.586  INFO 966 --- [restartedMain] com.zaxxer.hikari.HikariDataSource       : HikariPool-1 - Starting...
2021-06-30 13:42:52.164  INFO 966 --- [restartedMain] com.zaxxer.hikari.HikariDataSource       : HikariPool-1 - Start completed.
2021-06-30 13:42:52.188  INFO 966 --- [restartedMain] org.hibernate.dialect.Dialect            : HHH000400: Using dialect: org.hibernate.dialect.MySQL8Dialect
2021-06-30 13:42:54.668  INFO 966 --- [restartedMain] o.h.e.t.j.p.i.JtaPlatformInitiator       : HHH000490: Using JtaPlatform implementation: [org.hibernate.engine.transaction.jta.platform.internal.NoJtaPlatform]
2021-06-30 13:42:54.693  INFO 966 --- [restartedMain] j.LocalContainerEntityManagerFactoryBean : Initialized JPA EntityManagerFactory for persistence unit 'default'
2021-06-30 13:42:54.880  INFO 966 --- [restartedMain] o.s.b.d.a.OptionalLiveReloadServer       : LiveReload server is running on port 35729
2021-06-30 13:42:57.212  WARN 966 --- [restartedMain] JpaBaseConfiguration$JpaWebConfiguration : spring.jpa.open-in-view is enabled by default. Therefore, database queries may be performed during view rendering. Explicitly configure spring.jpa.open-in-view to disable this warning
2021-06-30 13:42:57.560  INFO 966 --- [restartedMain] o.s.s.concurrent.ThreadPoolTaskExecutor  : Initializing ExecutorService 'applicationTaskExecutor'
2021-06-30 13:42:57.736  INFO 966 --- [restartedMain] o.s.b.a.w.s.WelcomePageHandlerMapping    : Adding welcome page template: index
2021-06-30 13:42:58.680  INFO 966 --- [restartedMain] o.s.b.w.embedded.tomcat.TomcatWebServer  : Tomcat started on port(s): 8080 (http) with context path ''
2021-06-30 13:42:58.697  INFO 966 --- [restartedMain] com.clament.czx.CzxApplication           : Started CzxApplication in 11.44 seconds (JVM running for 18.472)
2021-06-30 13:43:18.574  INFO 966 --- [SpringContextShutdownHook] o.s.s.concurrent.ThreadPoolTaskExecutor  : Shutting down ExecutorService 'applicationTaskExecutor'
2021-06-30 13:43:18.578  INFO 966 --- [SpringContextShutdownHook] j.LocalContainerEntityManagerFactoryBean : Closing JPA EntityManagerFactory for persistence unit 'default'
2021-06-30 13:43:18.587  INFO 966 --- [SpringContextShutdownHook] com.zaxxer.hikari.HikariDataSource       : HikariPool-1 - Shutdown initiated...
2021-06-30 13:43:18.606  INFO 966 --- [SpringContextShutdownHook] com.zaxxer.hikari.HikariDataSource       : HikariPool-1 - Shutdown completed.
2021-06-30 13:43:38.660  INFO 992 --- [restartedMain] com.clament.czx.CzxApplication           : Starting CzxApplication using Java 1.8.0_201 on s-MacBook-ea.local with PID 992 (/Users/chenzixuan/IdeaProjects/czx/target/classes started by chenzixuan in /Users/chenzixuan/IdeaProjects/czx)
2021-06-30 13:43:38.666  INFO 992 --- [restartedMain] com.clament.czx.CzxApplication           : The following profiles are active: development
2021-06-30 13:43:39.012  INFO 992 --- [restartedMain] .e.DevToolsPropertyDefaultsPostProcessor : Devtools property defaults active! Set 'spring.devtools.add-properties' to 'false' to disable
2021-06-30 13:43:39.015  INFO 992 --- [restartedMain] .e.DevToolsPropertyDefaultsPostProcessor : For additional web related logging consider setting the 'logging.level.web' property to 'DEBUG'
2021-06-30 13:43:43.164  INFO 992 --- [restartedMain] .s.d.r.c.RepositoryConfigurationDelegate : Bootstrapping Spring Data JPA repositories in DEFAULT mode.
2021-06-30 13:43:43.399  INFO 992 --- [restartedMain] .s.d.r.c.RepositoryConfigurationDelegate : Finished Spring Data repository scanning in 203 ms. Found 4 JPA repository interfaces.
2021-06-30 13:43:45.882  INFO 992 --- [restartedMain] o.s.b.w.embedded.tomcat.TomcatWebServer  : Tomcat initialized with port(s): 8080 (http)
2021-06-30 13:43:45.916  INFO 992 --- [restartedMain] o.apache.catalina.core.StandardService   : Starting service [Tomcat]
2021-06-30 13:43:45.920  INFO 992 --- [restartedMain] org.apache.catalina.core.StandardEngine  : Starting Servlet engine: [Apache Tomcat/9.0.44]
2021-06-30 13:43:46.079  INFO 992 --- [restartedMain] o.a.c.c.C.[Tomcat].[localhost].[/]       : Initializing Spring embedded WebApplicationContext
2021-06-30 13:43:46.082  INFO 992 --- [restartedMain] w.s.c.ServletWebServerApplicationContext : Root WebApplicationContext: initialization completed in 7041 ms
2021-06-30 13:43:46.733  INFO 992 --- [restartedMain] o.hibernate.jpa.internal.util.LogHelper  : HHH000204: Processing PersistenceUnitInfo [name: default]
2021-06-30 13:43:46.864  INFO 992 --- [restartedMain] org.hibernate.Version                    : HHH000412: Hibernate ORM core version 5.4.29.Final
2021-06-30 13:43:47.497  INFO 992 --- [restartedMain] o.hibernate.annotations.common.Version   : HCANN000001: Hibernate Commons Annotations {5.1.2.Final}
2021-06-30 13:43:47.782  INFO 992 --- [restartedMain] com.zaxxer.hikari.HikariDataSource       : HikariPool-1 - Starting...
2021-06-30 13:43:48.415  INFO 992 --- [restartedMain] com.zaxxer.hikari.HikariDataSource       : HikariPool-1 - Start completed.
2021-06-30 13:43:48.443  INFO 992 --- [restartedMain] org.hibernate.dialect.Dialect            : HHH000400: Using dialect: org.hibernate.dialect.MySQL8Dialect
2021-06-30 13:43:49.917  INFO 992 --- [restartedMain] o.h.e.t.j.p.i.JtaPlatformInitiator       : HHH000490: Using JtaPlatform implementation: [org.hibernate.engine.transaction.jta.platform.internal.NoJtaPlatform]
2021-06-30 13:43:49.927  INFO 992 --- [restartedMain] j.LocalContainerEntityManagerFactoryBean : Initialized JPA EntityManagerFactory for persistence unit 'default'
2021-06-30 13:43:50.037  INFO 992 --- [restartedMain] o.s.b.d.a.OptionalLiveReloadServer       : LiveReload server is running on port 35729
2021-06-30 13:43:51.648  WARN 992 --- [restartedMain] JpaBaseConfiguration$JpaWebConfiguration : spring.jpa.open-in-view is enabled by default. Therefore, database queries may be performed during view rendering. Explicitly configure spring.jpa.open-in-view to disable this warning
2021-06-30 13:43:52.141  INFO 992 --- [restartedMain] o.s.s.concurrent.ThreadPoolTaskExecutor  : Initializing ExecutorService 'applicationTaskExecutor'
2021-06-30 13:43:52.368  INFO 992 --- [restartedMain] o.s.b.a.w.s.WelcomePageHandlerMapping    : Adding welcome page template: index
2021-06-30 13:43:53.425  INFO 992 --- [restartedMain] o.s.b.w.embedded.tomcat.TomcatWebServer  : Tomcat started on port(s): 8080 (http) with context path ''
2021-06-30 13:43:53.441  INFO 992 --- [restartedMain] com.clament.czx.CzxApplication           : Started CzxApplication in 18.762 seconds (JVM running for 25.47)
2021-06-30 14:00:46.977  INFO 992 --- [SpringContextShutdownHook] o.s.s.concurrent.ThreadPoolTaskExecutor  : Shutting down ExecutorService 'applicationTaskExecutor'
2021-06-30 14:00:46.985  INFO 992 --- [SpringContextShutdownHook] j.LocalContainerEntityManagerFactoryBean : Closing JPA EntityManagerFactory for persistence unit 'default'
2021-06-30 14:00:47.003  INFO 992 --- [SpringContextShutdownHook] com.zaxxer.hikari.HikariDataSource       : HikariPool-1 - Shutdown initiated...
2021-06-30 14:00:47.016  INFO 992 --- [SpringContextShutdownHook] com.zaxxer.hikari.HikariDataSource       : HikariPool-1 - Shutdown completed.
